<?xml version="1.0" encoding="UTF-8"?>
<testsuite xmlns:xsi="http://www.w3.org/2001/XMLSchema-instance" xsi:noNamespaceSchemaLocation="https://maven.apache.org/surefire/maven-surefire-plugin/xsd/surefire-test-report-3.0.xsd" version="3.0" name="TestSuite" time="33.676" tests="32" errors="0" skipped="0" failures="18">
  <properties>
[...]
</properties>
  <testcase name="checkContentType" classname="DynamicApproach.TC01_GET_All_Employees" time="0.005"/>
  <testcase name="checkCookies" classname="DynamicApproach.TC01_GET_All_Employees" time="0.001"/>
  <testcase name="checkServerType" classname="DynamicApproach.TC01_GET_All_Employees" time="0.001"/>
  <testcase name="contentEncoding" classname="DynamicApproach.TC01_GET_All_Employees" time="0.001"/>
  <testcase name="contentLength" classname="DynamicApproach.TC01_GET_All_Employees" time="0.001"/>
  <testcase name="responseBody" classname="DynamicApproach.TC01_GET_All_Employees" time="0.028"/>
  <testcase name="responseTime" classname="DynamicApproach.TC01_GET_All_Employees" time="0.002">
    <failure message="expected [true] but found [false]" type="java.lang.AssertionError"><![CDATA[java.lang.AssertionError: expected [true] but found [false]
	at DynamicApproach.TC01_GET_All_Employees.responseTime(TC01_GET_All_Employees.java:44)
]]></failure>
    <system-out><![CDATA[2020-09-15 18:35:40 INFO  EmployeesRestApi:39 - ******Response Time********
2020-09-15 18:35:40 INFO  EmployeesRestApi:41 - Response Time 4743
2020-09-15 18:35:40 WARN  EmployeesRestApi:43 - Response Time is greater than 2000
]]></system-out>
  </testcase>
  <testcase name="validateStatusCode" classname="DynamicApproach.TC01_GET_All_Employees" time="0.003">
    <failure message="expected [200] but found [200]" type="java.lang.AssertionError"><![CDATA[java.lang.AssertionError: expected [200] but found [200]
	at DynamicApproach.TC01_GET_All_Employees.validateStatusCode(TC01_GET_All_Employees.java:34)
]]></failure>
    <system-out><![CDATA[2020-09-15 18:35:40 INFO  EmployeesRestApi:31 - ******Status Code********
2020-09-15 18:35:40 INFO  EmployeesRestApi:33 - Status Code is:200
]]></system-out>
  </testcase>
  <testcase name="validateStatusLine" classname="DynamicApproach.TC01_GET_All_Employees" time="0.001"/>
  <testcase name="checkContentType" classname="DynamicApproach.TC02_GET_Specific_Employee_Info" time="0.001"/>
  <testcase name="checkCookies" classname="DynamicApproach.TC02_GET_Specific_Employee_Info" time="0.001"/>
  <testcase name="checkServerType" classname="DynamicApproach.TC02_GET_Specific_Employee_Info" time="0.002"/>
  <testcase name="contentEncoding" classname="DynamicApproach.TC02_GET_Specific_Employee_Info" time="0.002">
    <failure message="expected [gzip] but found [null]" type="java.lang.AssertionError"><![CDATA[java.lang.AssertionError: expected [gzip] but found [null]
	at DynamicApproach.TC02_GET_Specific_Employee_Info.contentEncoding(TC02_GET_Specific_Employee_Info.java:74)
]]></failure>
    <system-out><![CDATA[2020-09-15 18:35:49 INFO  EmployeesRestApi:71 - ******Content Encoding********
2020-09-15 18:35:49 INFO  EmployeesRestApi:73 - Content Encoding is:null
]]></system-out>
  </testcase>
  <testcase name="contentLength" classname="DynamicApproach.TC02_GET_Specific_Employee_Info" time="0.002">
    <failure message="expected [true] but found [false]" type="java.lang.AssertionError"><![CDATA[java.lang.AssertionError: expected [true] but found [false]
	at DynamicApproach.TC02_GET_Specific_Employee_Info.contentLength(TC02_GET_Specific_Employee_Info.java:85)
]]></failure>
    <system-out><![CDATA[2020-09-15 18:35:49 INFO  EmployeesRestApi:80 - ******Content Length********
2020-09-15 18:35:49 INFO  EmployeesRestApi:82 - Content Length is :77
2020-09-15 18:35:49 WARN  EmployeesRestApi:84 - Content length is less than 100
]]></system-out>
  </testcase>
  <testcase name="responseBody" classname="DynamicApproach.TC02_GET_Specific_Employee_Info" time="0.002">
    <failure message="expected [true] but found [false]" type="java.lang.AssertionError"><![CDATA[java.lang.AssertionError: expected [true] but found [false]
	at DynamicApproach.TC02_GET_Specific_Employee_Info.responseBody(TC02_GET_Specific_Employee_Info.java:25)
]]></failure>
    <system-out><![CDATA[2020-09-15 18:35:49 INFO  EmployeesRestApi:22 - ******Response Body********
2020-09-15 18:35:49 INFO  EmployeesRestApi:24 - Response body :{"message":"Error Occured! Page Not found, contact rstapi2example@gmail.com"}
]]></system-out>
  </testcase>
  <testcase name="responseTime" classname="DynamicApproach.TC02_GET_Specific_Employee_Info" time="0.001">
    <failure message="expected [true] but found [false]" type="java.lang.AssertionError"><![CDATA[java.lang.AssertionError: expected [true] but found [false]
	at DynamicApproach.TC02_GET_Specific_Employee_Info.responseTime(TC02_GET_Specific_Employee_Info.java:43)
]]></failure>
    <system-out><![CDATA[2020-09-15 18:35:49 INFO  EmployeesRestApi:38 - ******Response Time********
2020-09-15 18:35:49 INFO  EmployeesRestApi:40 - Response Time 3758
2020-09-15 18:35:49 WARN  EmployeesRestApi:42 - Response Time is greater than 2000
]]></system-out>
  </testcase>
  <testcase name="validateStatusCode" classname="DynamicApproach.TC02_GET_Specific_Employee_Info" time="0.002">
    <failure message="expected [200] but found [404]" type="java.lang.AssertionError"><![CDATA[java.lang.AssertionError: expected [200] but found [404]
	at DynamicApproach.TC02_GET_Specific_Employee_Info.validateStatusCode(TC02_GET_Specific_Employee_Info.java:33)
]]></failure>
    <system-out><![CDATA[2020-09-15 18:35:49 INFO  EmployeesRestApi:30 - ******Status Code********
2020-09-15 18:35:49 INFO  EmployeesRestApi:32 - Status Code is:404
]]></system-out>
  </testcase>
  <testcase name="validateStatusLine" classname="DynamicApproach.TC02_GET_Specific_Employee_Info" time="0.001">
    <failure message="expected [HTTP/1.1 200 OK] but found [HTTP/1.1 404 Not Found]" type="java.lang.AssertionError"><![CDATA[java.lang.AssertionError: expected [HTTP/1.1 200 OK] but found [HTTP/1.1 404 Not Found]
	at DynamicApproach.TC02_GET_Specific_Employee_Info.validateStatusLine(TC02_GET_Specific_Employee_Info.java:51)
]]></failure>
    <system-out><![CDATA[2020-09-15 18:35:49 INFO  EmployeesRestApi:48 - ******Status Line********
2020-09-15 18:35:49 INFO  EmployeesRestApi:50 - Status Line is:HTTP/1.1 404 Not Found
]]></system-out>
  </testcase>
  <testcase name="checkContentType" classname="DynamicApproach.TC03_POST_New_Record" time="0"/>
  <testcase name="checkServerType" classname="DynamicApproach.TC03_POST_New_Record" time="0"/>
  <testcase name="contentEncoding" classname="DynamicApproach.TC03_POST_New_Record" time="0">
    <failure message="expected [gzip] but found [null]" type="java.lang.AssertionError"><![CDATA[java.lang.AssertionError: expected [gzip] but found [null]
	at DynamicApproach.TC03_POST_New_Record.contentEncoding(TC03_POST_New_Record.java:62)
]]></failure>
  </testcase>
  <testcase name="contentLength" classname="DynamicApproach.TC03_POST_New_Record" time="0.001">
    <failure message="expected [true] but found [false]" type="java.lang.AssertionError"><![CDATA[java.lang.AssertionError: expected [true] but found [false]
	at DynamicApproach.TC03_POST_New_Record.contentLength(TC03_POST_New_Record.java:67)
]]></failure>
  </testcase>
  <testcase name="responseBody" classname="DynamicApproach.TC03_POST_New_Record" time="0.001">
    <failure message="expected [true] but found [false]" type="java.lang.AssertionError"><![CDATA[java.lang.AssertionError: expected [true] but found [false]
	at DynamicApproach.TC03_POST_New_Record.responseBody(TC03_POST_New_Record.java:35)
]]></failure>
  </testcase>
  <testcase name="validateStatusCode" classname="DynamicApproach.TC03_POST_New_Record" time="0.001">
    <failure message="expected [200] but found [404]" type="java.lang.AssertionError"><![CDATA[java.lang.AssertionError: expected [200] but found [404]
	at DynamicApproach.TC03_POST_New_Record.validateStatusCode(TC03_POST_New_Record.java:42)
]]></failure>
  </testcase>
  <testcase name="validateStatusLine" classname="DynamicApproach.TC03_POST_New_Record" time="0.001">
    <failure message="expected [HTTP/1.1 200 OK] but found [HTTP/1.1 404 Not Found]" type="java.lang.AssertionError"><![CDATA[java.lang.AssertionError: expected [HTTP/1.1 200 OK] but found [HTTP/1.1 404 Not Found]
	at DynamicApproach.TC03_POST_New_Record.validateStatusLine(TC03_POST_New_Record.java:47)
]]></failure>
  </testcase>
  <testcase name="checkContentType" classname="DynamicApproach.TC04_PUT_Update_Record" time="0"/>
  <testcase name="checkServerType" classname="DynamicApproach.TC04_PUT_Update_Record" time="0"/>
  <testcase name="contentEncoding" classname="DynamicApproach.TC04_PUT_Update_Record" time="0">
    <failure message="expected [gzip] but found [null]" type="java.lang.AssertionError"><![CDATA[java.lang.AssertionError: expected [gzip] but found [null]
	at DynamicApproach.TC04_PUT_Update_Record.contentEncoding(TC04_PUT_Update_Record.java:61)
]]></failure>
  </testcase>
  <testcase name="contentLength" classname="DynamicApproach.TC04_PUT_Update_Record" time="0.001">
    <failure message="expected [true] but found [false]" type="java.lang.AssertionError"><![CDATA[java.lang.AssertionError: expected [true] but found [false]
	at DynamicApproach.TC04_PUT_Update_Record.contentLength(TC04_PUT_Update_Record.java:66)
]]></failure>
  </testcase>
  <testcase name="responseBody" classname="DynamicApproach.TC04_PUT_Update_Record" time="0.001">
    <failure message="expected [true] but found [false]" type="java.lang.AssertionError"><![CDATA[java.lang.AssertionError: expected [true] but found [false]
	at DynamicApproach.TC04_PUT_Update_Record.responseBody(TC04_PUT_Update_Record.java:34)
]]></failure>
  </testcase>
  <testcase name="validateStatusCode" classname="DynamicApproach.TC04_PUT_Update_Record" time="0">
    <failure message="expected [200] but found [404]" type="java.lang.AssertionError"><![CDATA[java.lang.AssertionError: expected [200] but found [404]
	at DynamicApproach.TC04_PUT_Update_Record.validateStatusCode(TC04_PUT_Update_Record.java:41)
]]></failure>
  </testcase>
  <testcase name="validateStatusLine" classname="DynamicApproach.TC04_PUT_Update_Record" time="0">
    <failure message="expected [HTTP/1.1 200 OK] but found [HTTP/1.1 404 Not Found]" type="java.lang.AssertionError"><![CDATA[java.lang.AssertionError: expected [HTTP/1.1 200 OK] but found [HTTP/1.1 404 Not Found]
	at DynamicApproach.TC04_PUT_Update_Record.validateStatusLine(TC04_PUT_Update_Record.java:46)
]]></failure>
  </testcase>
</testsuite>