<?xml version="1.0" encoding="UTF-8"?>
<!-- Generated by org.testng.reporters.JUnitXMLReporter -->
<testsuite ignored="0" hostname="DESKTOP-7MG7A7J" failures="18" tests="32" name="EmployeeRestAPI" time="32.589" errors="0" timestamp="15 Sep 2020 22:36:02 GMT">
  <testcase classname="DynamicApproach.TC01_GET_All_Employees" name="checkContentType" time="0.003"/>
  <testcase classname="DynamicApproach.TC01_GET_All_Employees" name="checkCookies" time="0.0"/>
  <testcase classname="DynamicApproach.TC01_GET_All_Employees" name="checkServerType" time="0.001"/>
  <testcase classname="DynamicApproach.TC01_GET_All_Employees" name="contentEncoding" time="0.001"/>
  <testcase classname="DynamicApproach.TC01_GET_All_Employees" name="contentLength" time="0.002"/>
  <testcase classname="DynamicApproach.TC01_GET_All_Employees" name="responseBody" time="0.018"/>
  <testcase classname="DynamicApproach.TC01_GET_All_Employees" name="responseTime" time="0.003">
    <failure type="java.lang.AssertionError" message="expected [true] but found [false]">
      <![CDATA[java.lang.AssertionError: expected [true] but found [false]
at DynamicApproach.TC01_GET_All_Employees.responseTime(TC01_GET_All_Employees.java:44)
... Removed 33 stack frames]]>
    </failure>
  </testcase> <!-- responseTime -->
  <testcase classname="DynamicApproach.TC01_GET_All_Employees" name="validateStatusCode" time="0.002">
    <failure type="java.lang.AssertionError" message="expected [200] but found [200]">
      <![CDATA[java.lang.AssertionError: expected [200] but found [200]
at DynamicApproach.TC01_GET_All_Employees.validateStatusCode(TC01_GET_All_Employees.java:34)
... Removed 34 stack frames]]>
    </failure>
  </testcase> <!-- validateStatusCode -->
  <testcase classname="DynamicApproach.TC01_GET_All_Employees" name="validateStatusLine" time="0.002"/>
  <testcase classname="DynamicApproach.TC02_GET_Specific_Employee_Info" name="checkContentType" time="0.001"/>
  <testcase classname="DynamicApproach.TC02_GET_Specific_Employee_Info" name="checkCookies" time="0.0"/>
  <testcase classname="DynamicApproach.TC02_GET_Specific_Employee_Info" name="checkServerType" time="0.001"/>
  <testcase classname="DynamicApproach.TC02_GET_Specific_Employee_Info" name="contentEncoding" time="0.002">
    <failure type="java.lang.AssertionError" message="expected [gzip] but found [null]">
      <![CDATA[java.lang.AssertionError: expected [gzip] but found [null]
at DynamicApproach.TC02_GET_Specific_Employee_Info.contentEncoding(TC02_GET_Specific_Employee_Info.java:74)
... Removed 35 stack frames]]>
    </failure>
  </testcase> <!-- contentEncoding -->
  <testcase classname="DynamicApproach.TC02_GET_Specific_Employee_Info" name="contentLength" time="0.001">
    <failure type="java.lang.AssertionError" message="expected [true] but found [false]">
      <![CDATA[java.lang.AssertionError: expected [true] but found [false]
at DynamicApproach.TC02_GET_Specific_Employee_Info.contentLength(TC02_GET_Specific_Employee_Info.java:85)
... Removed 33 stack frames]]>
    </failure>
  </testcase> <!-- contentLength -->
  <testcase classname="DynamicApproach.TC02_GET_Specific_Employee_Info" name="responseBody" time="0.001">
    <failure type="java.lang.AssertionError" message="expected [true] but found [false]">
      <![CDATA[java.lang.AssertionError: expected [true] but found [false]
at DynamicApproach.TC02_GET_Specific_Employee_Info.responseBody(TC02_GET_Specific_Employee_Info.java:25)
... Removed 35 stack frames]]>
    </failure>
  </testcase> <!-- responseBody -->
  <testcase classname="DynamicApproach.TC02_GET_Specific_Employee_Info" name="responseTime" time="0.001">
    <failure type="java.lang.AssertionError" message="expected [true] but found [false]">
      <![CDATA[java.lang.AssertionError: expected [true] but found [false]
at DynamicApproach.TC02_GET_Specific_Employee_Info.responseTime(TC02_GET_Specific_Employee_Info.java:43)
... Removed 33 stack frames]]>
    </failure>
  </testcase> <!-- responseTime -->
  <testcase classname="DynamicApproach.TC02_GET_Specific_Employee_Info" name="validateStatusCode" time="0.002">
    <failure type="java.lang.AssertionError" message="expected [200] but found [404]">
      <![CDATA[java.lang.AssertionError: expected [200] but found [404]
at DynamicApproach.TC02_GET_Specific_Employee_Info.validateStatusCode(TC02_GET_Specific_Employee_Info.java:33)
... Removed 34 stack frames]]>
    </failure>
  </testcase> <!-- validateStatusCode -->
  <testcase classname="DynamicApproach.TC02_GET_Specific_Employee_Info" name="validateStatusLine" time="0.001">
    <failure type="java.lang.AssertionError" message="expected [HTTP/1.1 200 OK] but found [HTTP/1.1 404 Not Found]">
      <![CDATA[java.lang.AssertionError: expected [HTTP/1.1 200 OK] but found [HTTP/1.1 404 Not Found]
at DynamicApproach.TC02_GET_Specific_Employee_Info.validateStatusLine(TC02_GET_Specific_Employee_Info.java:51)
... Removed 35 stack frames]]>
    </failure>
  </testcase> <!-- validateStatusLine -->
  <testcase classname="DynamicApproach.TC03_POST_New_Record" name="checkContentType" time="0.0"/>
  <testcase classname="DynamicApproach.TC03_POST_New_Record" name="checkServerType" time="0.0"/>
  <testcase classname="DynamicApproach.TC03_POST_New_Record" name="contentEncoding" time="0.0">
    <failure type="java.lang.AssertionError" message="expected [gzip] but found [null]">
      <![CDATA[java.lang.AssertionError: expected [gzip] but found [null]
at DynamicApproach.TC03_POST_New_Record.contentEncoding(TC03_POST_New_Record.java:62)
... Removed 35 stack frames]]>
    </failure>
  </testcase> <!-- contentEncoding -->
  <testcase classname="DynamicApproach.TC03_POST_New_Record" name="contentLength" time="0.0">
    <failure type="java.lang.AssertionError" message="expected [true] but found [false]">
      <![CDATA[java.lang.AssertionError: expected [true] but found [false]
at DynamicApproach.TC03_POST_New_Record.contentLength(TC03_POST_New_Record.java:67)
... Removed 33 stack frames]]>
    </failure>
  </testcase> <!-- contentLength -->
  <testcase classname="DynamicApproach.TC03_POST_New_Record" name="responseBody" time="0.0">
    <failure type="java.lang.AssertionError" message="expected [true] but found [false]">
      <![CDATA[java.lang.AssertionError: expected [true] but found [false]
at DynamicApproach.TC03_POST_New_Record.responseBody(TC03_POST_New_Record.java:35)
... Removed 35 stack frames]]>
    </failure>
  </testcase> <!-- responseBody -->
  <testcase classname="DynamicApproach.TC03_POST_New_Record" name="validateStatusCode" time="0.0">
    <failure type="java.lang.AssertionError" message="expected [200] but found [404]">
      <![CDATA[java.lang.AssertionError: expected [200] but found [404]
at DynamicApproach.TC03_POST_New_Record.validateStatusCode(TC03_POST_New_Record.java:42)
... Removed 34 stack frames]]>
    </failure>
  </testcase> <!-- validateStatusCode -->
  <testcase classname="DynamicApproach.TC03_POST_New_Record" name="validateStatusLine" time="0.0">
    <failure type="java.lang.AssertionError" message="expected [HTTP/1.1 200 OK] but found [HTTP/1.1 404 Not Found]">
      <![CDATA[java.lang.AssertionError: expected [HTTP/1.1 200 OK] but found [HTTP/1.1 404 Not Found]
at DynamicApproach.TC03_POST_New_Record.validateStatusLine(TC03_POST_New_Record.java:47)
... Removed 35 stack frames]]>
    </failure>
  </testcase> <!-- validateStatusLine -->
  <testcase classname="DynamicApproach.TC04_PUT_Update_Record" name="checkContentType" time="0.0"/>
  <testcase classname="DynamicApproach.TC04_PUT_Update_Record" name="checkServerType" time="0.0"/>
  <testcase classname="DynamicApproach.TC04_PUT_Update_Record" name="contentEncoding" time="0.0">
    <failure type="java.lang.AssertionError" message="expected [gzip] but found [null]">
      <![CDATA[java.lang.AssertionError: expected [gzip] but found [null]
at DynamicApproach.TC04_PUT_Update_Record.contentEncoding(TC04_PUT_Update_Record.java:61)
... Removed 35 stack frames]]>
    </failure>
  </testcase> <!-- contentEncoding -->
  <testcase classname="DynamicApproach.TC04_PUT_Update_Record" name="contentLength" time="0.0">
    <failure type="java.lang.AssertionError" message="expected [true] but found [false]">
      <![CDATA[java.lang.AssertionError: expected [true] but found [false]
at DynamicApproach.TC04_PUT_Update_Record.contentLength(TC04_PUT_Update_Record.java:66)
... Removed 33 stack frames]]>
    </failure>
  </testcase> <!-- contentLength -->
  <testcase classname="DynamicApproach.TC04_PUT_Update_Record" name="responseBody" time="0.0">
    <failure type="java.lang.AssertionError" message="expected [true] but found [false]">
      <![CDATA[java.lang.AssertionError: expected [true] but found [false]
at DynamicApproach.TC04_PUT_Update_Record.responseBody(TC04_PUT_Update_Record.java:34)
... Removed 35 stack frames]]>
    </failure>
  </testcase> <!-- responseBody -->
  <testcase classname="DynamicApproach.TC04_PUT_Update_Record" name="validateStatusCode" time="0.001">
    <failure type="java.lang.AssertionError" message="expected [200] but found [404]">
      <![CDATA[java.lang.AssertionError: expected [200] but found [404]
at DynamicApproach.TC04_PUT_Update_Record.validateStatusCode(TC04_PUT_Update_Record.java:41)
... Removed 34 stack frames]]>
    </failure>
  </testcase> <!-- validateStatusCode -->
  <testcase classname="DynamicApproach.TC04_PUT_Update_Record" name="validateStatusLine" time="0.0">
    <failure type="java.lang.AssertionError" message="expected [HTTP/1.1 200 OK] but found [HTTP/1.1 404 Not Found]">
      <![CDATA[java.lang.AssertionError: expected [HTTP/1.1 200 OK] but found [HTTP/1.1 404 Not Found]
at DynamicApproach.TC04_PUT_Update_Record.validateStatusLine(TC04_PUT_Update_Record.java:46)
... Removed 35 stack frames]]>
    </failure>
  </testcase> <!-- validateStatusLine -->
</testsuite> <!-- EmployeeRestAPI -->
